This is pdfTeX, Version 3.14159265-2.6-1.40.18 (TeX Live 2017/Debian) (preloaded format=pdflatex 2017.10.16)  23 OCT 2017 22:05
entering extended mode
 restricted \write18 enabled.
 %&-line parsing enabled.
**slides.tex
(./slides.tex
LaTeX2e <2017-04-15>
Babel <3.13> and hyphenation patterns for 7 language(s) loaded.
(/usr/share/texlive/texmf-dist/tex/latex/beamer/beamer.cls
Document Class: beamer 2017/08/22 v3.43 A class for typesetting presentations
(/usr/share/texlive/texmf-dist/tex/latex/beamer/beamerbasemodes.sty
(/usr/share/texlive/texmf-dist/tex/latex/etoolbox/etoolbox.sty
Package: etoolbox 2017/01/02 v2.4 e-TeX tools for LaTeX (JAW)
\etb@tempcnta=\count79
)
\beamer@tempbox=\box26
\beamer@tempcount=\count80
\c@beamerpauses=\count81

(/usr/share/texlive/texmf-dist/tex/latex/beamer/beamerbasedecode.sty
\beamer@slideinframe=\count82
\beamer@minimum=\count83
)
\beamer@commentbox=\box27
\beamer@modecount=\count84
)
(/usr/share/texlive/texmf-dist/tex/generic/oberdiek/ifpdf.sty
Package: ifpdf 2017/03/15 v3.2 Provides the ifpdf switch
)
\headdp=\dimen102
\footheight=\dimen103
\sidebarheight=\dimen104
\beamer@tempdim=\dimen105
\beamer@finalheight=\dimen106
\beamer@animht=\dimen107
\beamer@animdp=\dimen108
\beamer@animwd=\dimen109
\beamer@leftmargin=\dimen110
\beamer@rightmargin=\dimen111
\beamer@leftsidebar=\dimen112
\beamer@rightsidebar=\dimen113
\beamer@boxsize=\dimen114
\beamer@vboxoffset=\dimen115
\beamer@descdefault=\dimen116
\beamer@descriptionwidth=\dimen117
\beamer@lastskip=\skip41
\beamer@areabox=\box28
\beamer@animcurrent=\box29
\beamer@animshowbox=\box30
\beamer@sectionbox=\box31
\beamer@logobox=\box32
\beamer@linebox=\box33
\beamer@sectioncount=\count85
\beamer@subsubsectionmax=\count86
\beamer@subsectionmax=\count87
\beamer@sectionmax=\count88
\beamer@totalheads=\count89
\beamer@headcounter=\count90
\beamer@partstartpage=\count91
\beamer@sectionstartpage=\count92
\beamer@subsectionstartpage=\count93
\beamer@animationtempa=\count94
\beamer@animationtempb=\count95
\beamer@xpos=\count96
\beamer@ypos=\count97
\beamer@showpartnumber=\count98
\beamer@currentsubsection=\count99
\beamer@coveringdepth=\count100
\beamer@sectionadjust=\count101
\beamer@tocsectionnumber=\count102

(/usr/share/texlive/texmf-dist/tex/latex/beamer/beamerbaseoptions.sty
(/usr/share/texlive/texmf-dist/tex/latex/graphics/keyval.sty
Package: keyval 2014/10/28 v1.15 key=value parser (DPC)
\KV@toks@=\toks14
))
\beamer@paperwidth=\skip42
\beamer@paperheight=\skip43

(/usr/share/texlive/texmf-dist/tex/latex/geometry/geometry.sty
Package: geometry 2010/09/12 v5.6 Page Geometry

(/usr/share/texlive/texmf-dist/tex/generic/oberdiek/ifvtex.sty
Package: ifvtex 2016/05/16 v1.6 Detect VTeX and its facilities (HO)
Package ifvtex Info: VTeX not detected.
)
(/usr/share/texlive/texmf-dist/tex/generic/ifxetex/ifxetex.sty
Package: ifxetex 2010/09/12 v0.6 Provides ifxetex conditional
)
\Gm@cnth=\count103
\Gm@cntv=\count104
\c@Gm@tempcnt=\count105
\Gm@bindingoffset=\dimen118
\Gm@wd@mp=\dimen119
\Gm@odd@mp=\dimen120
\Gm@even@mp=\dimen121
\Gm@layoutwidth=\dimen122
\Gm@layoutheight=\dimen123
\Gm@layouthoffset=\dimen124
\Gm@layoutvoffset=\dimen125
\Gm@dimlist=\toks15
)
(/usr/share/texlive/texmf-dist/tex/latex/base/size11.clo
File: size11.clo 2014/09/29 v1.4h Standard LaTeX file (size option)
)
(/usr/share/texlive/texmf-dist/tex/latex/pgf/basiclayer/pgfcore.sty
(/usr/share/texlive/texmf-dist/tex/latex/graphics/graphicx.sty
Package: graphicx 2017/06/01 v1.1a Enhanced LaTeX Graphics (DPC,SPQR)

(/usr/share/texlive/texmf-dist/tex/latex/graphics/graphics.sty
Package: graphics 2017/06/25 v1.2c Standard LaTeX Graphics (DPC,SPQR)

(/usr/share/texlive/texmf-dist/tex/latex/graphics/trig.sty
Package: trig 2016/01/03 v1.10 sin cos tan (DPC)
)
(/usr/share/texlive/texmf-dist/tex/latex/graphics-cfg/graphics.cfg
File: graphics.cfg 2016/06/04 v1.11 sample graphics configuration
)
Package graphics Info: Driver file: pdftex.def on input line 99.

(/usr/share/texlive/texmf-dist/tex/latex/graphics-def/pdftex.def
File: pdftex.def 2017/06/24 v1.0g Graphics/color driver for pdftex
))
\Gin@req@height=\dimen126
\Gin@req@width=\dimen127
)
(/usr/share/texlive/texmf-dist/tex/latex/pgf/systemlayer/pgfsys.sty
(/usr/share/texlive/texmf-dist/tex/latex/pgf/utilities/pgfrcs.sty
(/usr/share/texlive/texmf-dist/tex/generic/pgf/utilities/pgfutil-common.tex
\pgfutil@everybye=\toks16
\pgfutil@tempdima=\dimen128
\pgfutil@tempdimb=\dimen129

(/usr/share/texlive/texmf-dist/tex/generic/pgf/utilities/pgfutil-common-lists.t
ex)) (/usr/share/texlive/texmf-dist/tex/generic/pgf/utilities/pgfutil-latex.def
\pgfutil@abb=\box34
(/usr/share/texlive/texmf-dist/tex/latex/ms/everyshi.sty
Package: everyshi 2001/05/15 v3.00 EveryShipout Package (MS)
))
(/usr/share/texlive/texmf-dist/tex/generic/pgf/utilities/pgfrcs.code.tex
Package: pgfrcs 2015/08/07 v3.0.1a (rcs-revision 1.31)
))
(/usr/share/texlive/texmf-dist/tex/generic/pgf/systemlayer/pgfsys.code.tex
Package: pgfsys 2014/07/09 v3.0.1a (rcs-revision 1.48)

(/usr/share/texlive/texmf-dist/tex/generic/pgf/utilities/pgfkeys.code.tex
\pgfkeys@pathtoks=\toks17
\pgfkeys@temptoks=\toks18

(/usr/share/texlive/texmf-dist/tex/generic/pgf/utilities/pgfkeysfiltered.code.t
ex
\pgfkeys@tmptoks=\toks19
))
\pgf@x=\dimen130
\pgf@y=\dimen131
\pgf@xa=\dimen132
\pgf@ya=\dimen133
\pgf@xb=\dimen134
\pgf@yb=\dimen135
\pgf@xc=\dimen136
\pgf@yc=\dimen137
\w@pgf@writea=\write3
\r@pgf@reada=\read1
\c@pgf@counta=\count106
\c@pgf@countb=\count107
\c@pgf@countc=\count108
\c@pgf@countd=\count109
\t@pgf@toka=\toks20
\t@pgf@tokb=\toks21
\t@pgf@tokc=\toks22
 (/usr/share/texlive/texmf-dist/tex/generic/pgf/systemlayer/pgf.cfg
File: pgf.cfg 2008/05/14  (rcs-revision 1.7)
)
Driver file for pgf: pgfsys-pdftex.def

(/usr/share/texlive/texmf-dist/tex/generic/pgf/systemlayer/pgfsys-pdftex.def
File: pgfsys-pdftex.def 2014/10/11  (rcs-revision 1.35)

(/usr/share/texlive/texmf-dist/tex/generic/pgf/systemlayer/pgfsys-common-pdf.de
f
File: pgfsys-common-pdf.def 2013/10/10  (rcs-revision 1.13)
)))
(/usr/share/texlive/texmf-dist/tex/generic/pgf/systemlayer/pgfsyssoftpath.code.
tex
File: pgfsyssoftpath.code.tex 2013/09/09  (rcs-revision 1.9)
\pgfsyssoftpath@smallbuffer@items=\count110
\pgfsyssoftpath@bigbuffer@items=\count111
)
(/usr/share/texlive/texmf-dist/tex/generic/pgf/systemlayer/pgfsysprotocol.code.
tex
File: pgfsysprotocol.code.tex 2006/10/16  (rcs-revision 1.4)
)) (/usr/share/texlive/texmf-dist/tex/latex/xcolor/xcolor.sty
Package: xcolor 2016/05/11 v2.12 LaTeX color extensions (UK)

(/usr/share/texlive/texmf-dist/tex/latex/graphics-cfg/color.cfg
File: color.cfg 2016/01/02 v1.6 sample color configuration
)
Package xcolor Info: Driver file: pdftex.def on input line 225.
Package xcolor Info: Model `cmy' substituted by `cmy0' on input line 1348.
Package xcolor Info: Model `hsb' substituted by `rgb' on input line 1352.
Package xcolor Info: Model `RGB' extended on input line 1364.
Package xcolor Info: Model `HTML' substituted by `rgb' on input line 1366.
Package xcolor Info: Model `Hsb' substituted by `hsb' on input line 1367.
Package xcolor Info: Model `tHsb' substituted by `hsb' on input line 1368.
Package xcolor Info: Model `HSB' substituted by `hsb' on input line 1369.
Package xcolor Info: Model `Gray' substituted by `gray' on input line 1370.
Package xcolor Info: Model `wave' substituted by `hsb' on input line 1371.

(/usr/share/texlive/texmf-dist/tex/latex/graphics/dvipsnam.def
File: dvipsnam.def 2016/06/17 v3.0m Driver-dependent file (DPC,SPQR)
))
(/usr/share/texlive/texmf-dist/tex/generic/pgf/basiclayer/pgfcore.code.tex
Package: pgfcore 2010/04/11 v3.0.1a (rcs-revision 1.7)

(/usr/share/texlive/texmf-dist/tex/generic/pgf/math/pgfmath.code.tex
(/usr/share/texlive/texmf-dist/tex/generic/pgf/math/pgfmathcalc.code.tex
(/usr/share/texlive/texmf-dist/tex/generic/pgf/math/pgfmathutil.code.tex)
(/usr/share/texlive/texmf-dist/tex/generic/pgf/math/pgfmathparser.code.tex
\pgfmath@dimen=\dimen138
\pgfmath@count=\count112
\pgfmath@box=\box35
\pgfmath@toks=\toks23
\pgfmath@stack@operand=\toks24
\pgfmath@stack@operation=\toks25
)
(/usr/share/texlive/texmf-dist/tex/generic/pgf/math/pgfmathfunctions.code.tex
(/usr/share/texlive/texmf-dist/tex/generic/pgf/math/pgfmathfunctions.basic.code
.tex)
(/usr/share/texlive/texmf-dist/tex/generic/pgf/math/pgfmathfunctions.trigonomet
ric.code.tex)
(/usr/share/texlive/texmf-dist/tex/generic/pgf/math/pgfmathfunctions.random.cod
e.tex)
(/usr/share/texlive/texmf-dist/tex/generic/pgf/math/pgfmathfunctions.comparison
.code.tex)
(/usr/share/texlive/texmf-dist/tex/generic/pgf/math/pgfmathfunctions.base.code.
tex)
(/usr/share/texlive/texmf-dist/tex/generic/pgf/math/pgfmathfunctions.round.code
.tex)
(/usr/share/texlive/texmf-dist/tex/generic/pgf/math/pgfmathfunctions.misc.code.
tex)
(/usr/share/texlive/texmf-dist/tex/generic/pgf/math/pgfmathfunctions.integerari
thmetics.code.tex)))
(/usr/share/texlive/texmf-dist/tex/generic/pgf/math/pgfmathfloat.code.tex
\c@pgfmathroundto@lastzeros=\count113
))
(/usr/share/texlive/texmf-dist/tex/generic/pgf/basiclayer/pgfcorepoints.code.te
x
File: pgfcorepoints.code.tex 2013/10/07  (rcs-revision 1.27)
\pgf@picminx=\dimen139
\pgf@picmaxx=\dimen140
\pgf@picminy=\dimen141
\pgf@picmaxy=\dimen142
\pgf@pathminx=\dimen143
\pgf@pathmaxx=\dimen144
\pgf@pathminy=\dimen145
\pgf@pathmaxy=\dimen146
\pgf@xx=\dimen147
\pgf@xy=\dimen148
\pgf@yx=\dimen149
\pgf@yy=\dimen150
\pgf@zx=\dimen151
\pgf@zy=\dimen152
)
(/usr/share/texlive/texmf-dist/tex/generic/pgf/basiclayer/pgfcorepathconstruct.
code.tex
File: pgfcorepathconstruct.code.tex 2013/10/07  (rcs-revision 1.29)
\pgf@path@lastx=\dimen153
\pgf@path@lasty=\dimen154
)
(/usr/share/texlive/texmf-dist/tex/generic/pgf/basiclayer/pgfcorepathusage.code
.tex
File: pgfcorepathusage.code.tex 2014/11/02  (rcs-revision 1.24)
\pgf@shorten@end@additional=\dimen155
\pgf@shorten@start@additional=\dimen156
)
(/usr/share/texlive/texmf-dist/tex/generic/pgf/basiclayer/pgfcorescopes.code.te
x
File: pgfcorescopes.code.tex 2015/05/08  (rcs-revision 1.46)
\pgfpic=\box36
\pgf@hbox=\box37
\pgf@layerbox@main=\box38
\pgf@picture@serial@count=\count114
)
(/usr/share/texlive/texmf-dist/tex/generic/pgf/basiclayer/pgfcoregraphicstate.c
ode.tex
File: pgfcoregraphicstate.code.tex 2014/11/02  (rcs-revision 1.12)
\pgflinewidth=\dimen157
)
(/usr/share/texlive/texmf-dist/tex/generic/pgf/basiclayer/pgfcoretransformation
s.code.tex
File: pgfcoretransformations.code.tex 2015/08/07  (rcs-revision 1.20)
\pgf@pt@x=\dimen158
\pgf@pt@y=\dimen159
\pgf@pt@temp=\dimen160
)
(/usr/share/texlive/texmf-dist/tex/generic/pgf/basiclayer/pgfcorequick.code.tex
File: pgfcorequick.code.tex 2008/10/09  (rcs-revision 1.3)
)
(/usr/share/texlive/texmf-dist/tex/generic/pgf/basiclayer/pgfcoreobjects.code.t
ex
File: pgfcoreobjects.code.tex 2006/10/11  (rcs-revision 1.2)
)
(/usr/share/texlive/texmf-dist/tex/generic/pgf/basiclayer/pgfcorepathprocessing
.code.tex
File: pgfcorepathprocessing.code.tex 2013/09/09  (rcs-revision 1.9)
)
(/usr/share/texlive/texmf-dist/tex/generic/pgf/basiclayer/pgfcorearrows.code.te
x
File: pgfcorearrows.code.tex 2015/05/14  (rcs-revision 1.43)
\pgfarrowsep=\dimen161
)
(/usr/share/texlive/texmf-dist/tex/generic/pgf/basiclayer/pgfcoreshade.code.tex
File: pgfcoreshade.code.tex 2013/07/15  (rcs-revision 1.15)
\pgf@max=\dimen162
\pgf@sys@shading@range@num=\count115
)
(/usr/share/texlive/texmf-dist/tex/generic/pgf/basiclayer/pgfcoreimage.code.tex
File: pgfcoreimage.code.tex 2013/07/15  (rcs-revision 1.18)

(/usr/share/texlive/texmf-dist/tex/generic/pgf/basiclayer/pgfcoreexternal.code.
tex
File: pgfcoreexternal.code.tex 2014/07/09  (rcs-revision 1.21)
\pgfexternal@startupbox=\box39
))
(/usr/share/texlive/texmf-dist/tex/generic/pgf/basiclayer/pgfcorelayers.code.te
x
File: pgfcorelayers.code.tex 2013/07/18  (rcs-revision 1.7)
)
(/usr/share/texlive/texmf-dist/tex/generic/pgf/basiclayer/pgfcoretransparency.c
ode.tex
File: pgfcoretransparency.code.tex 2013/09/30  (rcs-revision 1.5)
)
(/usr/share/texlive/texmf-dist/tex/generic/pgf/basiclayer/pgfcorepatterns.code.
tex
File: pgfcorepatterns.code.tex 2013/11/07  (rcs-revision 1.5)
))) (/usr/share/texlive/texmf-dist/tex/latex/pgf/utilities/xxcolor.sty
Package: xxcolor 2003/10/24 ver 0.1
\XC@nummixins=\count116
\XC@countmixins=\count117
)
(/usr/share/texlive/texmf-dist/tex/generic/oberdiek/atbegshi.sty
Package: atbegshi 2016/06/09 v1.18 At begin shipout hook (HO)

(/usr/share/texlive/texmf-dist/tex/generic/oberdiek/infwarerr.sty
Package: infwarerr 2016/05/16 v1.4 Providing info/warning/error messages (HO)
)
(/usr/share/texlive/texmf-dist/tex/generic/oberdiek/ltxcmds.sty
Package: ltxcmds 2016/05/16 v1.23 LaTeX kernel commands for general use (HO)
))
(/usr/share/texlive/texmf-dist/tex/latex/hyperref/hyperref.sty
Package: hyperref 2017/03/14 v6.85a Hypertext links for LaTeX

(/usr/share/texlive/texmf-dist/tex/generic/oberdiek/hobsub-hyperref.sty
Package: hobsub-hyperref 2016/05/16 v1.14 Bundle oberdiek, subset hyperref (HO)


(/usr/share/texlive/texmf-dist/tex/generic/oberdiek/hobsub-generic.sty
Package: hobsub-generic 2016/05/16 v1.14 Bundle oberdiek, subset generic (HO)
Package: hobsub 2016/05/16 v1.14 Construct package bundles (HO)
Package hobsub Info: Skipping package `infwarerr' (already loaded).
Package hobsub Info: Skipping package `ltxcmds' (already loaded).
Package: ifluatex 2016/05/16 v1.4 Provides the ifluatex switch (HO)
Package ifluatex Info: LuaTeX not detected.
Package hobsub Info: Skipping package `ifvtex' (already loaded).
Package: intcalc 2016/05/16 v1.2 Expandable calculations with integers (HO)
Package hobsub Info: Skipping package `ifpdf' (already loaded).
Package: etexcmds 2016/05/16 v1.6 Avoid name clashes with e-TeX commands (HO)
Package etexcmds Info: Could not find \expanded.
(etexcmds)             That can mean that you are not using pdfTeX 1.50 or
(etexcmds)             that some package has redefined \expanded.
(etexcmds)             In the latter case, load this package earlier.
Package: kvsetkeys 2016/05/16 v1.17 Key value parser (HO)
Package: kvdefinekeys 2016/05/16 v1.4 Define keys (HO)
Package: pdftexcmds 2017/03/19 v0.25 Utility functions of pdfTeX for LuaTeX (HO
)
Package pdftexcmds Info: LuaTeX not detected.
Package pdftexcmds Info: \pdf@primitive is available.
Package pdftexcmds Info: \pdf@ifprimitive is available.
Package pdftexcmds Info: \pdfdraftmode found.
Package: pdfescape 2016/05/16 v1.14 Implements pdfTeX's escape features (HO)
Package: bigintcalc 2016/05/16 v1.4 Expandable calculations on big integers (HO
)
Package: bitset 2016/05/16 v1.2 Handle bit-vector datatype (HO)
Package: uniquecounter 2016/05/16 v1.3 Provide unlimited unique counter (HO)
)
Package hobsub Info: Skipping package `hobsub' (already loaded).
Package: letltxmacro 2016/05/16 v1.5 Let assignment for LaTeX macros (HO)
Package: hopatch 2016/05/16 v1.3 Wrapper for package hooks (HO)
Package: xcolor-patch 2016/05/16 xcolor patch
Package: atveryend 2016/05/16 v1.9 Hooks at the very end of document (HO)
Package hobsub Info: Skipping package `atbegshi' (already loaded).
Package: refcount 2016/05/16 v3.5 Data extraction from label references (HO)
Package: hycolor 2016/05/16 v1.8 Color options for hyperref/bookmark (HO)
)
(/usr/share/texlive/texmf-dist/tex/latex/oberdiek/auxhook.sty
Package: auxhook 2016/05/16 v1.4 Hooks for auxiliary files (HO)
)
(/usr/share/texlive/texmf-dist/tex/latex/oberdiek/kvoptions.sty
Package: kvoptions 2016/05/16 v3.12 Key value format for package options (HO)
)
\@linkdim=\dimen163
\Hy@linkcounter=\count118
\Hy@pagecounter=\count119

(/usr/share/texlive/texmf-dist/tex/latex/hyperref/pd1enc.def
File: pd1enc.def 2017/03/14 v6.85a Hyperref: PDFDocEncoding definition (HO)
)
\Hy@SavedSpaceFactor=\count120

(/usr/share/texlive/texmf-dist/tex/latex/latexconfig/hyperref.cfg
File: hyperref.cfg 2002/06/06 v1.2 hyperref configuration of TeXLive
)
Package hyperref Info: Option `bookmarks' set `true' on input line 4374.
Package hyperref Info: Option `bookmarksopen' set `true' on input line 4374.
Package hyperref Info: Option `implicit' set `false' on input line 4374.
Package hyperref Info: Hyper figures OFF on input line 4498.
Package hyperref Info: Link nesting OFF on input line 4503.
Package hyperref Info: Hyper index ON on input line 4506.
Package hyperref Info: Plain pages OFF on input line 4513.
Package hyperref Info: Backreferencing OFF on input line 4518.
Package hyperref Info: Implicit mode OFF; no redefinition of LaTeX internals.
Package hyperref Info: Bookmarks ON on input line 4751.
\c@Hy@tempcnt=\count121

(/usr/share/texlive/texmf-dist/tex/latex/url/url.sty
\Urlmuskip=\muskip10
Package: url 2013/09/16  ver 3.4  Verb mode for urls, etc.
)
LaTeX Info: Redefining \url on input line 5104.
\XeTeXLinkMargin=\dimen164
\Fld@menulength=\count122
\Field@Width=\dimen165
\Fld@charsize=\dimen166
Package hyperref Info: Hyper figures OFF on input line 6358.
Package hyperref Info: Link nesting OFF on input line 6363.
Package hyperref Info: Hyper index ON on input line 6366.
Package hyperref Info: backreferencing OFF on input line 6373.
Package hyperref Info: Link coloring OFF on input line 6378.
Package hyperref Info: Link coloring with OCG OFF on input line 6383.
Package hyperref Info: PDF/A mode OFF on input line 6388.
LaTeX Info: Redefining \ref on input line 6428.
LaTeX Info: Redefining \pageref on input line 6432.
\Hy@abspage=\count123


Package hyperref Message: Stopped early.

)

Package hyperref Message: Driver (autodetected): hpdftex.

(/usr/share/texlive/texmf-dist/tex/latex/hyperref/hpdftex.def
File: hpdftex.def 2017/03/14 v6.85a Hyperref driver for pdfTeX
\Fld@listcount=\count124
\c@bookmark@seq@number=\count125

(/usr/share/texlive/texmf-dist/tex/latex/oberdiek/rerunfilecheck.sty
Package: rerunfilecheck 2016/05/16 v1.8 Rerun checks for auxiliary files (HO)
Package uniquecounter Info: New unique counter `rerunfilecheck' on input line 2
82.
))
(/usr/share/texlive/texmf-dist/tex/latex/beamer/beamerbaserequires.sty
(/usr/share/texlive/texmf-dist/tex/latex/beamer/beamerbasecompatibility.sty)
(/usr/share/texlive/texmf-dist/tex/latex/beamer/beamerbasefont.sty
(/usr/share/texlive/texmf-dist/tex/latex/amsfonts/amssymb.sty
Package: amssymb 2013/01/14 v3.01 AMS font symbols

(/usr/share/texlive/texmf-dist/tex/latex/amsfonts/amsfonts.sty
Package: amsfonts 2013/01/14 v3.01 Basic AMSFonts support
\@emptytoks=\toks26
\symAMSa=\mathgroup4
\symAMSb=\mathgroup5
LaTeX Font Info:    Overwriting math alphabet `\mathfrak' in version `bold'
(Font)                  U/euf/m/n --> U/euf/b/n on input line 106.
)))
(/usr/share/texlive/texmf-dist/tex/latex/beamer/beamerbasetranslator.sty
(/usr/share/texlive/texmf-dist/tex/latex/beamer/translator/translator.sty
Package: translator 2010/06/12 ver 1.10

(/usr/share/texlive/texmf-dist/tex/latex/beamer/translator/translator-language-
mappings.tex)))
(/usr/share/texlive/texmf-dist/tex/latex/beamer/beamerbasemisc.sty)
(/usr/share/texlive/texmf-dist/tex/latex/beamer/beamerbasetwoscreens.sty)
(/usr/share/texlive/texmf-dist/tex/latex/beamer/beamerbaseoverlay.sty
\beamer@argscount=\count126
\beamer@lastskipcover=\skip44
\beamer@trivlistdepth=\count127
)
(/usr/share/texlive/texmf-dist/tex/latex/beamer/beamerbasetitle.sty)
(/usr/share/texlive/texmf-dist/tex/latex/beamer/beamerbasesection.sty
\c@lecture=\count128
\c@part=\count129
\c@section=\count130
\c@subsection=\count131
\c@subsubsection=\count132
)
(/usr/share/texlive/texmf-dist/tex/latex/beamer/beamerbaseframe.sty
\beamer@framebox=\box40
\beamer@frametitlebox=\box41
\beamer@zoombox=\box42
\beamer@zoomcount=\count133
\beamer@zoomframecount=\count134
\beamer@frametextheight=\dimen167
\c@subsectionslide=\count135
\beamer@frametopskip=\skip45
\beamer@framebottomskip=\skip46
\beamer@frametopskipautobreak=\skip47
\beamer@framebottomskipautobreak=\skip48
\beamer@envbody=\toks27
\framewidth=\dimen168
\c@framenumber=\count136
)
(/usr/share/texlive/texmf-dist/tex/latex/beamer/beamerbaseverbatim.sty
\beamer@verbatimfileout=\write4
)
(/usr/share/texlive/texmf-dist/tex/latex/beamer/beamerbaseframesize.sty
\beamer@splitbox=\box43
\beamer@autobreakcount=\count137
\beamer@autobreaklastheight=\dimen169
\beamer@frametitletoks=\toks28
\beamer@framesubtitletoks=\toks29
)
(/usr/share/texlive/texmf-dist/tex/latex/beamer/beamerbaseframecomponents.sty
\beamer@footins=\box44
)
(/usr/share/texlive/texmf-dist/tex/latex/beamer/beamerbasecolor.sty
\beamer@bg@ht=\dimen170
\beamer@bg@wd=\dimen171
\beamer@bg@dp=\dimen172
)
(/usr/share/texlive/texmf-dist/tex/latex/beamer/beamerbasenotes.sty
\beamer@frameboxcopy=\box45
)
(/usr/share/texlive/texmf-dist/tex/latex/beamer/beamerbasetoc.sty)
(/usr/share/texlive/texmf-dist/tex/latex/beamer/beamerbasetemplates.sty
\beamer@sbttoks=\toks30

(/usr/share/texlive/texmf-dist/tex/latex/beamer/beamerbaseauxtemplates.sty
(/usr/share/texlive/texmf-dist/tex/latex/beamer/beamerbaseboxes.sty
\bmb@box=\box46
\bmb@colorbox=\box47
\bmb@boxshadow=\box48
\bmb@boxshadowball=\box49
\bmb@boxshadowballlarge=\box50
\bmb@temp=\dimen173
\bmb@dima=\dimen174
\bmb@dimb=\dimen175
\bmb@prevheight=\dimen176
)
\beamer@blockheadheight=\dimen177
))
(/usr/share/texlive/texmf-dist/tex/latex/beamer/beamerbaselocalstructure.sty
(/usr/share/texlive/texmf-dist/tex/latex/tools/enumerate.sty
Package: enumerate 2015/07/23 v3.00 enumerate extensions (DPC)
\@enLab=\toks31
)
\c@figure=\count138
\c@table=\count139
\abovecaptionskip=\skip49
\belowcaptionskip=\skip50
)
(/usr/share/texlive/texmf-dist/tex/latex/beamer/beamerbasenavigation.sty
\beamer@section@min@dim=\dimen178
)
(/usr/share/texlive/texmf-dist/tex/latex/beamer/beamerbasetheorems.sty
(/usr/share/texlive/texmf-dist/tex/latex/amsmath/amsmath.sty
Package: amsmath 2017/09/02 v2.17a AMS math features
\@mathmargin=\skip51

For additional information on amsmath, use the `?' option.
(/usr/share/texlive/texmf-dist/tex/latex/amsmath/amstext.sty
Package: amstext 2000/06/29 v2.01 AMS text

(/usr/share/texlive/texmf-dist/tex/latex/amsmath/amsgen.sty
File: amsgen.sty 1999/11/30 v2.0 generic functions
\@emptytoks=\toks32
\ex@=\dimen179
))
(/usr/share/texlive/texmf-dist/tex/latex/amsmath/amsbsy.sty
Package: amsbsy 1999/11/29 v1.2d Bold Symbols
\pmbraise@=\dimen180
)
(/usr/share/texlive/texmf-dist/tex/latex/amsmath/amsopn.sty
Package: amsopn 2016/03/08 v2.02 operator names
)
\inf@bad=\count140
LaTeX Info: Redefining \frac on input line 213.
\uproot@=\count141
\leftroot@=\count142
LaTeX Info: Redefining \overline on input line 375.
\classnum@=\count143
\DOTSCASE@=\count144
LaTeX Info: Redefining \ldots on input line 472.
LaTeX Info: Redefining \dots on input line 475.
LaTeX Info: Redefining \cdots on input line 596.
\Mathstrutbox@=\box51
\strutbox@=\box52
\big@size=\dimen181
LaTeX Font Info:    Redeclaring font encoding OML on input line 712.
LaTeX Font Info:    Redeclaring font encoding OMS on input line 713.
\macc@depth=\count145
\c@MaxMatrixCols=\count146
\dotsspace@=\muskip11
\c@parentequation=\count147
\dspbrk@lvl=\count148
\tag@help=\toks33
\row@=\count149
\column@=\count150
\maxfields@=\count151
\andhelp@=\toks34
\eqnshift@=\dimen182
\alignsep@=\dimen183
\tagshift@=\dimen184
\tagwidth@=\dimen185
\totwidth@=\dimen186
\lineht@=\dimen187
\@envbody=\toks35
\multlinegap=\skip52
\multlinetaggap=\skip53
\mathdisplay@stack=\toks36
LaTeX Info: Redefining \[ on input line 2817.
LaTeX Info: Redefining \] on input line 2818.
)
(/usr/share/texlive/texmf-dist/tex/latex/amscls/amsthm.sty
Package: amsthm 2015/03/04 v2.20.2
\thm@style=\toks37
\thm@bodyfont=\toks38
\thm@headfont=\toks39
\thm@notefont=\toks40
\thm@headpunct=\toks41
\thm@preskip=\skip54
\thm@postskip=\skip55
\thm@headsep=\skip56
\dth@everypar=\toks42
)
\c@theorem=\count152
)
(/usr/share/texlive/texmf-dist/tex/latex/beamer/beamerbasethemes.sty))
(/usr/share/texlive/texmf-dist/tex/latex/beamer/themes/theme/beamerthemedefault
.sty
(/usr/share/texlive/texmf-dist/tex/latex/beamer/themes/font/beamerfontthemedefa
ult.sty)
(/usr/share/texlive/texmf-dist/tex/latex/beamer/themes/color/beamercolorthemede
fault.sty)
(/usr/share/texlive/texmf-dist/tex/latex/beamer/themes/inner/beamerinnerthemede
fault.sty
\beamer@dima=\dimen188
\beamer@dimb=\dimen189
)
(/usr/share/texlive/texmf-dist/tex/latex/beamer/themes/outer/beamerouterthemede
fault.sty))) (./ub-beamer.sty
Package: ub-beamer 2012/10/12

(/usr/share/texlive/texmf-dist/tex/latex/textpos/textpos.sty
Package: textpos 2016/06/07 v1.8

Package: textpos 2016/06/07 1.8, absolute positioning of text on the page
\TP@textbox=\box53
\TP@holdbox=\box54
\TPHorizModule=\dimen190
\TPVertModule=\dimen191
\TP@margin=\dimen192
\TP@absmargin=\dimen193
Grid set 16 x 16 = 22.7622pt x 17.07166pt
\TPboxrulesize=\dimen194
\TP@ox=\dimen195
\TP@oy=\dimen196
\TP@tbargs=\toks43
\TP@prevdepth=\dimen197
TextBlockOrigin set to 0pt x 0pt
)) (/usr/share/texlive/texmf-dist/tex/latex/beamer/multimedia/multimedia.sty
Package: multimedia 2012/05/02 ver 0.02
\mm@movie=\count153
)
(/usr/share/texlive/texmf-dist/tex/latex/soul/soul.sty
Package: soul 2003/11/17 v2.4 letterspacing/underlining (mf)
\SOUL@word=\toks44
\SOUL@lasttoken=\toks45
\SOUL@cmds=\toks46
\SOUL@buffer=\toks47
\SOUL@token=\toks48
\SOUL@spaceskip=\skip57
\SOUL@ttwidth=\dimen198
\SOUL@uldp=\dimen199
\SOUL@ulht=\dimen256
)
(/usr/share/texlive/texmf-dist/tex/latex/colortbl/colortbl.sty
Package: colortbl 2012/02/13 v1.0a Color table columns (DPC)

(/usr/share/texlive/texmf-dist/tex/latex/tools/array.sty
Package: array 2016/10/06 v2.4d Tabular extension package (FMi)
\col@sep=\dimen257
\extrarowheight=\dimen258
\NC@list=\toks49
\extratabsurround=\skip58
\backup@length=\skip59
)
\everycr=\toks50
\minrowclearance=\skip60
)
(/usr/share/texlive/texmf-dist/tex/latex/float/float.sty
Package: float 2001/11/08 v1.3d Float enhancements (AL)
\c@float@type=\count154
\float@exts=\toks51
\float@box=\box55
\@float@everytoks=\toks52
\@floatcapt=\box56
)
(/usr/share/texlive/texmf-dist/tex/latex/pgf/frontendlayer/tikz.sty
(/usr/share/texlive/texmf-dist/tex/latex/pgf/basiclayer/pgf.sty
Package: pgf 2015/08/07 v3.0.1a (rcs-revision 1.15)

(/usr/share/texlive/texmf-dist/tex/generic/pgf/modules/pgfmoduleshapes.code.tex
File: pgfmoduleshapes.code.tex 2014/03/21  (rcs-revision 1.35)
\pgfnodeparttextbox=\box57
) (/usr/share/texlive/texmf-dist/tex/generic/pgf/modules/pgfmoduleplot.code.tex
File: pgfmoduleplot.code.tex 2015/08/03  (rcs-revision 1.13)
)
(/usr/share/texlive/texmf-dist/tex/latex/pgf/compatibility/pgfcomp-version-0-65
.sty
Package: pgfcomp-version-0-65 2007/07/03 v3.0.1a (rcs-revision 1.7)
\pgf@nodesepstart=\dimen259
\pgf@nodesepend=\dimen260
)
(/usr/share/texlive/texmf-dist/tex/latex/pgf/compatibility/pgfcomp-version-1-18
.sty
Package: pgfcomp-version-1-18 2007/07/23 v3.0.1a (rcs-revision 1.1)
)) (/usr/share/texlive/texmf-dist/tex/latex/pgf/utilities/pgffor.sty
(/usr/share/texlive/texmf-dist/tex/latex/pgf/utilities/pgfkeys.sty
(/usr/share/texlive/texmf-dist/tex/generic/pgf/utilities/pgfkeys.code.tex))
(/usr/share/texlive/texmf-dist/tex/latex/pgf/math/pgfmath.sty
(/usr/share/texlive/texmf-dist/tex/generic/pgf/math/pgfmath.code.tex))
(/usr/share/texlive/texmf-dist/tex/generic/pgf/utilities/pgffor.code.tex
Package: pgffor 2013/12/13 v3.0.1a (rcs-revision 1.25)

(/usr/share/texlive/texmf-dist/tex/generic/pgf/math/pgfmath.code.tex)
\pgffor@iter=\dimen261
\pgffor@skip=\dimen262
\pgffor@stack=\toks53
\pgffor@toks=\toks54
))
(/usr/share/texlive/texmf-dist/tex/generic/pgf/frontendlayer/tikz/tikz.code.tex
Package: tikz 2015/08/07 v3.0.1a (rcs-revision 1.151)

(/usr/share/texlive/texmf-dist/tex/generic/pgf/libraries/pgflibraryplothandlers
.code.tex
File: pgflibraryplothandlers.code.tex 2013/08/31 v3.0.1a (rcs-revision 1.20)
\pgf@plot@mark@count=\count155
\pgfplotmarksize=\dimen263
)
\tikz@lastx=\dimen264
\tikz@lasty=\dimen265
\tikz@lastxsaved=\dimen266
\tikz@lastysaved=\dimen267
\tikzleveldistance=\dimen268
\tikzsiblingdistance=\dimen269
\tikz@figbox=\box58
\tikz@figbox@bg=\box59
\tikz@tempbox=\box60
\tikz@tempbox@bg=\box61
\tikztreelevel=\count156
\tikznumberofchildren=\count157
\tikznumberofcurrentchild=\count158
\tikz@fig@count=\count159

(/usr/share/texlive/texmf-dist/tex/generic/pgf/modules/pgfmodulematrix.code.tex
File: pgfmodulematrix.code.tex 2013/09/17  (rcs-revision 1.8)
\pgfmatrixcurrentrow=\count160
\pgfmatrixcurrentcolumn=\count161
\pgf@matrix@numberofcolumns=\count162
)
\tikz@expandcount=\count163

(/usr/share/texlive/texmf-dist/tex/generic/pgf/frontendlayer/tikz/libraries/tik
zlibrarytopaths.code.tex
File: tikzlibrarytopaths.code.tex 2008/06/17 v3.0.1a (rcs-revision 1.2)
)))
(/usr/share/texlive/texmf-dist/tex/generic/pgf/frontendlayer/tikz/libraries/tik
zlibraryarrows.code.tex
File: tikzlibraryarrows.code.tex 2008/01/09 v3.0.1a (rcs-revision 1.1)

(/usr/share/texlive/texmf-dist/tex/generic/pgf/libraries/pgflibraryarrows.code.
tex
File: pgflibraryarrows.code.tex 2013/09/23 v3.0.1a (rcs-revision 1.16)
\arrowsize=\dimen270
))
(/usr/share/texlive/texmf-dist/tex/generic/pgf/frontendlayer/tikz/libraries/tik
zlibrarypositioning.code.tex
File: tikzlibrarypositioning.code.tex 2008/10/06 v3.0.1a (rcs-revision 1.7)
)
Package hyperref Info: Option `colorlinks' set `true' on input line 16.

(/usr/share/texlive/texmf-dist/tex/latex/xwatermark/xwatermark.sty
(/usr/share/texlive/texmf-dist/tex/latex/catoptions/catoptions.sty
\m@one=\count164
\z@pt=\dimen271
Package: catoptions 2014/08/29 v0.2.7h Securing catcodes and parsing options (A
M)
\cpt@csvdepth=\count165
\cpt@optdepth=\count166
\cpt@cnta=\count167
\indrisdepth=\count168
\cpt@foreachdepth=\count169
\cpt@exprcnt=\count170
)
Package: xwatermark 2012/10/23 v1.5.2d A dynamic watermarking scheme (Ahmed Mus
a)

(/usr/share/texlive/texmf-dist/tex/latex/base/fix-cm.sty
Package: fix-cm 2015/01/14 v1.1t fixes to LaTeX

(/usr/share/texlive/texmf-dist/tex/latex/base/ts1enc.def
File: ts1enc.def 2001/06/05 v3.0e (jk/car/fm) Standard LaTeX file
))
(/usr/share/texlive/texmf-dist/tex/latex/oberdiek/picture.sty
Package: picture 2016/05/16 v1.4 Dimens for picture macros (HO)
Package picture Info: Calculation method: etex.
)
(/usr/share/texlive/texmf-dist/tex/latex/fancyhdr/fancyhdr.sty
Package: fancyhdr 2017/06/30 v3.9a Extensive control of page headers and footer
s
\f@nch@headwidth=\skip61
\f@nch@O@elh=\skip62
\f@nch@O@erh=\skip63
\f@nch@O@olh=\skip64
\f@nch@O@orh=\skip65
\f@nch@O@elf=\skip66
\f@nch@O@erf=\skip67
\f@nch@O@olf=\skip68
\f@nch@O@orf=\skip69
)
(/usr/share/texlive/texmf-dist/tex/latex/ltxkeys/ltxkeys.sty
Package: ltxkeys 2012/11/17 v0.0.3c A robust key-value parser (AM) (Ahmed Musa)

\ltxkeys@csvdepth=\count171
\ltxkeys@keydepth=\count172
)
(/usr/share/texlive/texmf-dist/tex/latex/framed/framed.sty
Package: framed 2011/10/22 v 0.96: framed or shaded text with page breaks
\OuterFrameSep=\skip70
\fb@frw=\dimen272
\fb@frh=\dimen273
\FrameRule=\dimen274
\FrameSep=\dimen275
)
\AtBeginShipoutBox=\box62
\xwm@boxa=\box63
\xwm@boxb=\box64
\xwm@cnta=\count173
\xwm@wrt=\write5
\openout5 = `slides.xwm'.

)
(/usr/share/texlive/texmf-dist/tex/latex/listings/listings.sty
\lst@mode=\count174
\lst@gtempboxa=\box65
\lst@token=\toks55
\lst@length=\count175
\lst@currlwidth=\dimen276
\lst@column=\count176
\lst@pos=\count177
\lst@lostspace=\dimen277
\lst@width=\dimen278
\lst@newlines=\count178
\lst@lineno=\count179
\lst@maxwidth=\dimen279

(/usr/share/texlive/texmf-dist/tex/latex/listings/lstmisc.sty
File: lstmisc.sty 2015/06/04 1.6 (Carsten Heinz)
\c@lstnumber=\count180
\lst@skipnumbers=\count181
\lst@framebox=\box66
)
(/usr/share/texlive/texmf-dist/tex/latex/listings/listings.cfg
File: listings.cfg 2015/06/04 1.6 listings configuration
))
Package: listings 2015/06/04 1.6 (Carsten Heinz)

(/usr/share/texlive/texmf-dist/tex/latex/psnfss/pifont.sty
Package: pifont 2005/04/12 PSNFSS-v9.2a Pi font support (SPQR) 
LaTeX Font Info:    Try loading font information for U+pzd on input line 63.

(/usr/share/texlive/texmf-dist/tex/latex/psnfss/upzd.fd
File: upzd.fd 2001/06/04 font definitions for U/pzd.
)
LaTeX Font Info:    Try loading font information for U+psy on input line 64.

(/usr/share/texlive/texmf-dist/tex/latex/psnfss/upsy.fd
File: upsy.fd 2001/06/04 font definitions for U/psy.
))
No file slides.aux.
\openout1 = `slides.aux'.

LaTeX Font Info:    Checking defaults for OML/cmm/m/it on input line 80.
LaTeX Font Info:    ... okay on input line 80.
LaTeX Font Info:    Checking defaults for T1/cmr/m/n on input line 80.
LaTeX Font Info:    ... okay on input line 80.
LaTeX Font Info:    Checking defaults for OT1/cmr/m/n on input line 80.
LaTeX Font Info:    ... okay on input line 80.
LaTeX Font Info:    Checking defaults for OMS/cmsy/m/n on input line 80.
LaTeX Font Info:    ... okay on input line 80.
LaTeX Font Info:    Checking defaults for OMX/cmex/m/n on input line 80.
LaTeX Font Info:    ... okay on input line 80.
LaTeX Font Info:    Checking defaults for U/cmr/m/n on input line 80.
LaTeX Font Info:    ... okay on input line 80.
LaTeX Font Info:    Checking defaults for PD1/pdf/m/n on input line 80.
LaTeX Font Info:    ... okay on input line 80.
LaTeX Font Info:    Checking defaults for TS1/cmr/m/n on input line 80.
LaTeX Font Info:    ... okay on input line 80.
*geometry* driver: auto-detecting
*geometry* detected driver: pdftex
*geometry* verbose mode - [ preamble ] result:
* driver: pdftex
* paper: custom
* layout: <same size as paper>
* layoutoffset:(h,v)=(0.0pt,0.0pt)
* modes: includehead includefoot 
* h-part:(L,W,R)=(28.45274pt, 307.28987pt, 28.45274pt)
* v-part:(T,H,B)=(0.0pt, 273.14662pt, 0.0pt)
* \paperwidth=364.19536pt
* \paperheight=273.14662pt
* \textwidth=307.28987pt
* \textheight=244.6939pt
* \oddsidemargin=-43.81725pt
* \evensidemargin=-43.81725pt
* \topmargin=-72.26999pt
* \headheight=14.22636pt
* \headsep=0.0pt
* \topskip=11.0pt
* \footskip=14.22636pt
* \marginparwidth=4.0pt
* \marginparsep=10.0pt
* \columnsep=10.0pt
* \skip\footins=10.0pt plus 4.0pt minus 2.0pt
* \hoffset=0.0pt
* \voffset=0.0pt
* \mag=1000
* \@twocolumnfalse
* \@twosidefalse
* \@mparswitchfalse
* \@reversemarginfalse
* (1in=72.27pt=25.4mm, 1cm=28.453pt)

(/usr/share/texlive/texmf-dist/tex/context/base/mkii/supp-pdf.mkii
[Loading MPS to PDF converter (version 2006.09.02).]
\scratchcounter=\count182
\scratchdimen=\dimen280
\scratchbox=\box67
\nofMPsegments=\count183
\nofMParguments=\count184
\everyMPshowfont=\toks56
\MPscratchCnt=\count185
\MPscratchDim=\dimen281
\MPnumerator=\count186
\makeMPintoPDFobject=\count187
\everyMPtoPDFconversion=\toks57
) (/usr/share/texlive/texmf-dist/tex/latex/oberdiek/epstopdf-base.sty
Package: epstopdf-base 2016/05/15 v2.6 Base part for package epstopdf

(/usr/share/texlive/texmf-dist/tex/latex/oberdiek/grfext.sty
Package: grfext 2016/05/16 v1.2 Manage graphics extensions (HO)
)
Package epstopdf-base Info: Redefining graphics rule for `.eps' on input line 4
38.
Package grfext Info: Graphics extension search list:
(grfext)             [.png,.jpg,.pdf,.eps]
(grfext)             \AppendGraphicsExtensions on input line 456.

(/usr/share/texlive/texmf-dist/tex/latex/latexconfig/epstopdf-sys.cfg
File: epstopdf-sys.cfg 2010/07/13 v1.3 Configuration of (r)epstopdf for TeX Liv
e
))
ABD: EveryShipout initializing macros
Package hyperref Info: Link coloring ON on input line 80.

(/usr/share/texlive/texmf-dist/tex/latex/hyperref/nameref.sty
Package: nameref 2016/05/21 v2.44 Cross-referencing by name of section

(/usr/share/texlive/texmf-dist/tex/generic/oberdiek/gettitlestring.sty
Package: gettitlestring 2016/05/16 v1.5 Cleanup title references (HO)
)
\c@section@level=\count188
)
LaTeX Info: Redefining \ref on input line 80.
LaTeX Info: Redefining \pageref on input line 80.
LaTeX Info: Redefining \nameref on input line 80.
\@outlinefile=\write6
\openout6 = `slides.out'.

LaTeX Font Info:    Overwriting symbol font `operators' in version `normal'
(Font)                  OT1/cmr/m/n --> OT1/cmss/m/n on input line 80.
LaTeX Font Info:    Overwriting symbol font `operators' in version `bold'
(Font)                  OT1/cmr/bx/n --> OT1/cmss/bx/n on input line 80.
\symnumbers=\mathgroup6
\sympureletters=\mathgroup7
LaTeX Font Info:    Overwriting math alphabet `\mathrm' in version `normal'
(Font)                  OT1/cmss/m/n --> OT1/cmr/m/n on input line 80.
LaTeX Font Info:    Redeclaring math alphabet \mathbf on input line 80.
LaTeX Font Info:    Overwriting math alphabet `\mathbf' in version `normal'
(Font)                  OT1/cmr/bx/n --> OT1/cmss/bx/n on input line 80.
LaTeX Font Info:    Overwriting math alphabet `\mathbf' in version `bold'
(Font)                  OT1/cmr/bx/n --> OT1/cmss/bx/n on input line 80.
LaTeX Font Info:    Redeclaring math alphabet \mathsf on input line 80.
LaTeX Font Info:    Overwriting math alphabet `\mathsf' in version `normal'
(Font)                  OT1/cmss/m/n --> OT1/cmss/m/n on input line 80.
LaTeX Font Info:    Overwriting math alphabet `\mathsf' in version `bold'
(Font)                  OT1/cmss/bx/n --> OT1/cmss/m/n on input line 80.
LaTeX Font Info:    Redeclaring math alphabet \mathit on input line 80.
LaTeX Font Info:    Overwriting math alphabet `\mathit' in version `normal'
(Font)                  OT1/cmr/m/it --> OT1/cmss/m/it on input line 80.
LaTeX Font Info:    Overwriting math alphabet `\mathit' in version `bold'
(Font)                  OT1/cmr/bx/it --> OT1/cmss/m/it on input line 80.
LaTeX Font Info:    Redeclaring math alphabet \mathtt on input line 80.
LaTeX Font Info:    Overwriting math alphabet `\mathtt' in version `normal'
(Font)                  OT1/cmtt/m/n --> OT1/cmtt/m/n on input line 80.
LaTeX Font Info:    Overwriting math alphabet `\mathtt' in version `bold'
(Font)                  OT1/cmtt/m/n --> OT1/cmtt/m/n on input line 80.
LaTeX Font Info:    Overwriting symbol font `numbers' in version `bold'
(Font)                  OT1/cmss/m/n --> OT1/cmss/bx/n on input line 80.
LaTeX Font Info:    Overwriting symbol font `pureletters' in version `bold'
(Font)                  OT1/cmss/m/it --> OT1/cmss/bx/it on input line 80.
LaTeX Font Info:    Overwriting math alphabet `\mathrm' in version `bold'
(Font)                  OT1/cmss/bx/n --> OT1/cmr/bx/n on input line 80.
LaTeX Font Info:    Overwriting math alphabet `\mathbf' in version `bold'
(Font)                  OT1/cmss/bx/n --> OT1/cmss/bx/n on input line 80.
LaTeX Font Info:    Overwriting math alphabet `\mathsf' in version `bold'
(Font)                  OT1/cmss/m/n --> OT1/cmss/bx/n on input line 80.
LaTeX Font Info:    Overwriting math alphabet `\mathit' in version `bold'
(Font)                  OT1/cmss/m/it --> OT1/cmss/bx/it on input line 80.
LaTeX Font Info:    Overwriting math alphabet `\mathtt' in version `bold'
(Font)                  OT1/cmtt/m/n --> OT1/cmtt/bx/n on input line 80.

(/usr/share/texlive/texmf-dist/tex/latex/beamer/translator/dicts/translator-bas
ic-dictionary/translator-basic-dictionary-English.dict
Dictionary: translator-basic-dictionary, Language: English 
)
(/usr/share/texlive/texmf-dist/tex/latex/beamer/translator/dicts/translator-bib
liography-dictionary/translator-bibliography-dictionary-English.dict
Dictionary: translator-bibliography-dictionary, Language: English 
)
(/usr/share/texlive/texmf-dist/tex/latex/beamer/translator/dicts/translator-env
ironment-dictionary/translator-environment-dictionary-English.dict
Dictionary: translator-environment-dictionary, Language: English 
)
(/usr/share/texlive/texmf-dist/tex/latex/beamer/translator/dicts/translator-mon
ths-dictionary/translator-months-dictionary-English.dict
Dictionary: translator-months-dictionary, Language: English 
)
(/usr/share/texlive/texmf-dist/tex/latex/beamer/translator/dicts/translator-num
bers-dictionary/translator-numbers-dictionary-English.dict
Dictionary: translator-numbers-dictionary, Language: English 
)
(/usr/share/texlive/texmf-dist/tex/latex/beamer/translator/dicts/translator-the
orem-dictionary/translator-theorem-dictionary-English.dict
Dictionary: translator-theorem-dictionary, Language: English 
)
\c@lstlisting=\count189

No file slides.nav.
<images/logo_destair.png, id=14, 439.6425pt x 147.6717pt>
File: images/logo_destair.png Graphic file (type png)
<use images/logo_destair.png>
Package pdftex.def Info: images/logo_destair.png  used on input line 80. on inp
ut line 80.
Package pdftex.def Info: Requested size: 43.96681pt x 14.76802pt on input line 
80.
LaTeX Font Info:    Try loading font information for U+msa on input line 80.
(/usr/share/texlive/texmf-dist/tex/latex/amsfonts/umsa.fd
File: umsa.fd 2013/01/14 v3.01 AMS symbols A
)
LaTeX Font Info:    Try loading font information for U+msb on input line 80.

(/usr/share/texlive/texmf-dist/tex/latex/amsfonts/umsb.fd
File: umsb.fd 2013/01/14 v3.01 AMS symbols B
)

LaTeX Font Warning: Font shape `OT1/cmss/m/it' in size <6> not available
(Font)              Font shape `OT1/cmss/m/sl' tried instead on input line 80.


LaTeX Font Warning: Font shape `OT1/cmss/m/it' in size <5> not available
(Font)              Font shape `OT1/cmss/m/sl' tried instead on input line 80.

<images/logo_group.png, id=16, 246.9225pt x 88.33pt>
File: images/logo_group.png Graphic file (type png)
<use images/logo_group.png>
Package pdftex.def Info: images/logo_group.png  used on input line 80. on input
 line 80.
Package pdftex.def Info: Requested size: 49.38362pt x 17.66568pt on input line 
80.

Overfull \hbox (96.60962pt too wide) in paragraph at lines 80--80
[][]$  $[]  
 []

<images/logo_uni.jpg, id=17, 513.92pt x 513.92pt>
File: images/logo_uni.jpg Graphic file (type jpg)
<use images/logo_uni.jpg>
Package pdftex.def Info: images/logo_uni.jpg  used on input line 80. on input l
ine 80.
Package pdftex.def Info: Requested size: 24.99957pt x 24.99957pt on input line 
80.

Overfull \hbox (23.99957pt too wide) in paragraph at lines 80--80
[][]  
 []


LaTeX Font Warning: Font shape `OT1/cmss/m/it' in size <8> not available
(Font)              Font shape `OT1/cmss/m/sl' tried instead on input line 87.

[1

{/var/lib/texmf/fonts/map/pdftex/updmap/pdftex.map} <./images/logo_destair.png>
 <./images/logo_group.png> <./images/logo_uni.jpg>]
LaTeX Font Info:    Try loading font information for OMS+cmss on input line 107
.
LaTeX Font Info:    No file OMScmss.fd. on input line 107.


LaTeX Font Warning: Font shape `OMS/cmss/m/n' undefined
(Font)              using `OMS/cmsy/m/n' instead
(Font)              for symbol `textbullet' on input line 107.

File: images/logo_destair.png Graphic file (type png)
<use images/logo_destair.png>
Package pdftex.def Info: images/logo_destair.png  used on input line 107. on in
put line 107.
Package pdftex.def Info: Requested size: 43.96681pt x 14.76802pt on input line 
107.
File: images/logo_group.png Graphic file (type png)
<use images/logo_group.png>
Package pdftex.def Info: images/logo_group.png  used on input line 107. on inpu
t line 107.
Package pdftex.def Info: Requested size: 49.38362pt x 17.66568pt on input line 
107.

Overfull \hbox (96.60962pt too wide) has occurred while \output is active
[][]$  $[] 
 []

File: images/logo_uni.jpg Graphic file (type jpg)
<use images/logo_uni.jpg>
Package pdftex.def Info: images/logo_uni.jpg  used on input line 107. on input 
line 107.
Package pdftex.def Info: Requested size: 24.99957pt x 24.99957pt on input line 
107.

Overfull \hbox (23.99957pt too wide) has occurred while \output is active
[][] 
 []

[2

]
File: images/logo_destair.png Graphic file (type png)
<use images/logo_destair.png>
Package pdftex.def Info: images/logo_destair.png  used on input line 127. on in
put line 127.
Package pdftex.def Info: Requested size: 43.96681pt x 14.76802pt on input line 
127.
File: images/logo_group.png Graphic file (type png)
<use images/logo_group.png>
Package pdftex.def Info: images/logo_group.png  used on input line 127. on inpu
t line 127.
Package pdftex.def Info: Requested size: 49.38362pt x 17.66568pt on input line 
127.

Overfull \hbox (96.60962pt too wide) has occurred while \output is active
[][]$  $[] 
 []

File: images/logo_uni.jpg Graphic file (type jpg)
<use images/logo_uni.jpg>
Package pdftex.def Info: images/logo_uni.jpg  used on input line 127. on input 
line 127.
Package pdftex.def Info: Requested size: 24.99957pt x 24.99957pt on input line 
127.

Overfull \hbox (23.99957pt too wide) has occurred while \output is active
[][] 
 []

[3

]
File: images/logo_destair.png Graphic file (type png)
<use images/logo_destair.png>
Package pdftex.def Info: images/logo_destair.png  used on input line 143. on in
put line 143.
Package pdftex.def Info: Requested size: 43.96681pt x 14.76802pt on input line 
143.
File: images/logo_group.png Graphic file (type png)
<use images/logo_group.png>
Package pdftex.def Info: images/logo_group.png  used on input line 143. on inpu
t line 143.
Package pdftex.def Info: Requested size: 49.38362pt x 17.66568pt on input line 
143.

Overfull \hbox (96.60962pt too wide) has occurred while \output is active
[][]$  $[] 
 []

File: images/logo_uni.jpg Graphic file (type jpg)
<use images/logo_uni.jpg>
Package pdftex.def Info: images/logo_uni.jpg  used on input line 143. on input 
line 143.
Package pdftex.def Info: Requested size: 24.99957pt x 24.99957pt on input line 
143.

Overfull \hbox (23.99957pt too wide) has occurred while \output is active
[][] 
 []

[4

]
<images/screenshot_usegalaxy.png, id=126, 1927.2pt x 1084.05pt>
File: images/screenshot_usegalaxy.png Graphic file (type png)
<use images/screenshot_usegalaxy.png>
Package pdftex.def Info: images/screenshot_usegalaxy.png  used on input line 16
2. on input line 162.
Package pdftex.def Info: Requested size: 245.83282pt x 138.2683pt on input line
 162.
File: images/logo_destair.png Graphic file (type png)
<use images/logo_destair.png>
Package pdftex.def Info: images/logo_destair.png  used on input line 162. on in
put line 162.
Package pdftex.def Info: Requested size: 43.96681pt x 14.76802pt on input line 
162.
File: images/logo_group.png Graphic file (type png)
<use images/logo_group.png>
Package pdftex.def Info: images/logo_group.png  used on input line 162. on inpu
t line 162.
Package pdftex.def Info: Requested size: 49.38362pt x 17.66568pt on input line 
162.

Overfull \hbox (96.60962pt too wide) has occurred while \output is active
[][]$  $[] 
 []

File: images/logo_uni.jpg Graphic file (type jpg)
<use images/logo_uni.jpg>
Package pdftex.def Info: images/logo_uni.jpg  used on input line 162. on input 
line 162.
Package pdftex.def Info: Requested size: 24.99957pt x 24.99957pt on input line 
162.

Overfull \hbox (23.99957pt too wide) has occurred while \output is active
[][] 
 []

[5

 <./images/screenshot_usegalaxy.png (PNG copy)>]
<images/screenshot_usegalaxy_cufflinks.png, id=154, 1927.2pt x 1084.05pt>
File: images/screenshot_usegalaxy_cufflinks.png Graphic file (type png)
<use images/screenshot_usegalaxy_cufflinks.png>
Package pdftex.def Info: images/screenshot_usegalaxy_cufflinks.png  used on inp
ut line 176. on input line 176.
Package pdftex.def Info: Requested size: 245.83282pt x 138.2683pt on input line
 176.
File: images/logo_destair.png Graphic file (type png)
<use images/logo_destair.png>
Package pdftex.def Info: images/logo_destair.png  used on input line 176. on in
put line 176.
Package pdftex.def Info: Requested size: 43.96681pt x 14.76802pt on input line 
176.
File: images/logo_group.png Graphic file (type png)
<use images/logo_group.png>
Package pdftex.def Info: images/logo_group.png  used on input line 176. on inpu
t line 176.
Package pdftex.def Info: Requested size: 49.38362pt x 17.66568pt on input line 
176.

Overfull \hbox (96.60962pt too wide) has occurred while \output is active
[][]$  $[] 
 []

File: images/logo_uni.jpg Graphic file (type jpg)
<use images/logo_uni.jpg>
Package pdftex.def Info: images/logo_uni.jpg  used on input line 176. on input 
line 176.
Package pdftex.def Info: Requested size: 24.99957pt x 24.99957pt on input line 
176.

Overfull \hbox (23.99957pt too wide) has occurred while \output is active
[][] 
 []

[6

 <./images/screenshot_usegalaxy_cufflinks.png (PNG copy)>]
<images/screenshot_usegalaxy_workflow.png, id=180, 950.04938pt x 545.03625pt>
File: images/screenshot_usegalaxy_workflow.png Graphic file (type png)
<use images/screenshot_usegalaxy_workflow.png>
Package pdftex.def Info: images/screenshot_usegalaxy_workflow.png  used on inpu
t line 190. on input line 190.
Package pdftex.def Info: Requested size: 245.83282pt x 141.03244pt on input lin
e 190.
File: images/logo_destair.png Graphic file (type png)
<use images/logo_destair.png>
Package pdftex.def Info: images/logo_destair.png  used on input line 190. on in
put line 190.
Package pdftex.def Info: Requested size: 43.96681pt x 14.76802pt on input line 
190.
File: images/logo_group.png Graphic file (type png)
<use images/logo_group.png>
Package pdftex.def Info: images/logo_group.png  used on input line 190. on inpu
t line 190.
Package pdftex.def Info: Requested size: 49.38362pt x 17.66568pt on input line 
190.

Overfull \hbox (96.60962pt too wide) has occurred while \output is active
[][]$  $[] 
 []

File: images/logo_uni.jpg Graphic file (type jpg)
<use images/logo_uni.jpg>
Package pdftex.def Info: images/logo_uni.jpg  used on input line 190. on input 
line 190.
Package pdftex.def Info: Requested size: 24.99957pt x 24.99957pt on input line 
190.

Overfull \hbox (23.99957pt too wide) has occurred while \output is active
[][] 
 []

[7

 <./images/screenshot_usegalaxy_workflow.png>]
<images/screenshot_usegalaxy_tours.png, id=208, 1927.2pt x 1084.05pt>
File: images/screenshot_usegalaxy_tours.png Graphic file (type png)
<use images/screenshot_usegalaxy_tours.png>
Package pdftex.def Info: images/screenshot_usegalaxy_tours.png  used on input l
ine 204. on input line 204.
Package pdftex.def Info: Requested size: 245.83282pt x 138.2683pt on input line
 204.
File: images/logo_destair.png Graphic file (type png)
<use images/logo_destair.png>
Package pdftex.def Info: images/logo_destair.png  used on input line 204. on in
put line 204.
Package pdftex.def Info: Requested size: 43.96681pt x 14.76802pt on input line 
204.
File: images/logo_group.png Graphic file (type png)
<use images/logo_group.png>
Package pdftex.def Info: images/logo_group.png  used on input line 204. on inpu
t line 204.
Package pdftex.def Info: Requested size: 49.38362pt x 17.66568pt on input line 
204.

Overfull \hbox (96.60962pt too wide) has occurred while \output is active
[][]$  $[] 
 []

File: images/logo_uni.jpg Graphic file (type jpg)
<use images/logo_uni.jpg>
Package pdftex.def Info: images/logo_uni.jpg  used on input line 204. on input 
line 204.
Package pdftex.def Info: Requested size: 24.99957pt x 24.99957pt on input line 
204.

Overfull \hbox (23.99957pt too wide) has occurred while \output is active
[][] 
 []

[8

 <./images/screenshot_usegalaxy_tours.png (PNG copy)>]
\openout4 = `slides.vrb'.

 (./slides.vrb
LaTeX Font Info:    Font shape `OT1/cmtt/bx/n' in size <10.95> not available
(Font)              Font shape `OT1/cmtt/m/n' tried instead on input line 4.
LaTeX Font Info:    Font shape `OT1/cmtt/bx/n' in size <6> not available
(Font)              Font shape `OT1/cmtt/m/n' tried instead on input line 4.
LaTeX Font Info:    Try loading font information for OML+cmtt on input line 16.

LaTeX Font Info:    No file OMLcmtt.fd. on input line 16.


LaTeX Font Warning: Font shape `OML/cmtt/m/n' undefined
(Font)              using `OML/cmm/m/it' instead
(Font)              for symbol `textgreater' on input line 16.


Overfull \hbox (9.55493pt too wide) in paragraph at lines 16--17
[][][][][]\OT1/cmtt/m/n/6 :[][][][][][][][][][][][][][][][][][][][][][][][][][]
[] 
 []

)
File: images/logo_destair.png Graphic file (type png)
<use images/logo_destair.png>
Package pdftex.def Info: images/logo_destair.png  used on input line 238. on in
put line 238.
Package pdftex.def Info: Requested size: 43.96681pt x 14.76802pt on input line 
238.
File: images/logo_group.png Graphic file (type png)
<use images/logo_group.png>
Package pdftex.def Info: images/logo_group.png  used on input line 238. on inpu
t line 238.
Package pdftex.def Info: Requested size: 49.38362pt x 17.66568pt on input line 
238.

Overfull \hbox (96.60962pt too wide) has occurred while \output is active
[][]$  $[] 
 []

File: images/logo_uni.jpg Graphic file (type jpg)
<use images/logo_uni.jpg>
Package pdftex.def Info: images/logo_uni.jpg  used on input line 238. on input 
line 238.
Package pdftex.def Info: Requested size: 24.99957pt x 24.99957pt on input line 
238.

Overfull \hbox (23.99957pt too wide) has occurred while \output is active
[][] 
 []

[9

]
<images/logo_gtn.png, id=262, 123.3408pt x 71.00528pt>
File: images/logo_gtn.png Graphic file (type png)
<use images/logo_gtn.png>
Package pdftex.def Info: images/logo_gtn.png  used on input line 277. on input 
line 277.
Package pdftex.def Info: Requested size: 92.1879pt x 53.07288pt on input line 2
77.


LaTeX Font Warning: Font shape `OT1/cmss/m/it' in size <10.95> not available
(Font)              Font shape `OT1/cmss/m/sl' tried instead on input line 277.


File: images/logo_destair.png Graphic file (type png)
<use images/logo_destair.png>
Package pdftex.def Info: images/logo_destair.png  used on input line 277. on in
put line 277.
Package pdftex.def Info: Requested size: 43.96681pt x 14.76802pt on input line 
277.
File: images/logo_group.png Graphic file (type png)
<use images/logo_group.png>
Package pdftex.def Info: images/logo_group.png  used on input line 277. on inpu
t line 277.
Package pdftex.def Info: Requested size: 49.38362pt x 17.66568pt on input line 
277.

Overfull \hbox (96.60962pt too wide) has occurred while \output is active
[][]$  $[] 
 []

File: images/logo_uni.jpg Graphic file (type jpg)
<use images/logo_uni.jpg>
Package pdftex.def Info: images/logo_uni.jpg  used on input line 277. on input 
line 277.
Package pdftex.def Info: Requested size: 24.99957pt x 24.99957pt on input line 
277.

Overfull \hbox (23.99957pt too wide) has occurred while \output is active
[][] 
 []

[10

 <./images/logo_gtn.png>]
<images/screenshot_usegalaxy_training.png, id=290, 1927.2pt x 1084.05pt>
File: images/screenshot_usegalaxy_training.png Graphic file (type png)
<use images/screenshot_usegalaxy_training.png>
Package pdftex.def Info: images/screenshot_usegalaxy_training.png  used on inpu
t line 291. on input line 291.
Package pdftex.def Info: Requested size: 276.559pt x 155.55391pt on input line 
291.
File: images/logo_destair.png Graphic file (type png)
<use images/logo_destair.png>
Package pdftex.def Info: images/logo_destair.png  used on input line 291. on in
put line 291.
Package pdftex.def Info: Requested size: 43.96681pt x 14.76802pt on input line 
291.
File: images/logo_group.png Graphic file (type png)
<use images/logo_group.png>
Package pdftex.def Info: images/logo_group.png  used on input line 291. on inpu
t line 291.
Package pdftex.def Info: Requested size: 49.38362pt x 17.66568pt on input line 
291.

Overfull \hbox (96.60962pt too wide) has occurred while \output is active
[][]$  $[] 
 []

File: images/logo_uni.jpg Graphic file (type jpg)
<use images/logo_uni.jpg>
Package pdftex.def Info: images/logo_uni.jpg  used on input line 291. on input 
line 291.
Package pdftex.def Info: Requested size: 24.99957pt x 24.99957pt on input line 
291.

Overfull \hbox (23.99957pt too wide) has occurred while \output is active
[][] 
 []

[11

 <./images/screenshot_usegalaxy_training.png (PNG copy)>]
File: images/logo_destair.png Graphic file (type png)
<use images/logo_destair.png>
Package pdftex.def Info: images/logo_destair.png  used on input line 319. on in
put line 319.
Package pdftex.def Info: Requested size: 307.74765pt x 103.36948pt on input lin
e 319.
File: images/logo_destair.png Graphic file (type png)
<use images/logo_destair.png>
Package pdftex.def Info: images/logo_destair.png  used on input line 319. on in
put line 319.
Package pdftex.def Info: Requested size: 43.96681pt x 14.76802pt on input line 
319.
File: images/logo_group.png Graphic file (type png)
<use images/logo_group.png>
Package pdftex.def Info: images/logo_group.png  used on input line 319. on inpu
t line 319.
Package pdftex.def Info: Requested size: 49.38362pt x 17.66568pt on input line 
319.

Overfull \hbox (96.60962pt too wide) has occurred while \output is active
[][]$  $[] 
 []

File: images/logo_uni.jpg Graphic file (type jpg)
<use images/logo_uni.jpg>
Package pdftex.def Info: images/logo_uni.jpg  used on input line 319. on input 
line 319.
Package pdftex.def Info: Requested size: 24.99957pt x 24.99957pt on input line 
319.

Overfull \hbox (23.99957pt too wide) has occurred while \output is active
[][] 
 []

[12

]
File: images/logo_destair.png Graphic file (type png)
<use images/logo_destair.png>
Package pdftex.def Info: images/logo_destair.png  used on input line 333. on in
put line 333.
Package pdftex.def Info: Requested size: 43.96681pt x 14.76802pt on input line 
333.
File: images/logo_group.png Graphic file (type png)
<use images/logo_group.png>
Package pdftex.def Info: images/logo_group.png  used on input line 333. on inpu
t line 333.
Package pdftex.def Info: Requested size: 49.38362pt x 17.66568pt on input line 
333.

Overfull \hbox (96.60962pt too wide) has occurred while \output is active
[][]$  $[] 
 []

File: images/logo_uni.jpg Graphic file (type jpg)
<use images/logo_uni.jpg>
Package pdftex.def Info: images/logo_uni.jpg  used on input line 333. on input 
line 333.
Package pdftex.def Info: Requested size: 24.99957pt x 24.99957pt on input line 
333.

Overfull \hbox (23.99957pt too wide) has occurred while \output is active
[][] 
 []

[13

]
<images/recommendation_system.png, id=369, 503.63156pt x 313.9228pt>
File: images/recommendation_system.png Graphic file (type png)
<use images/recommendation_system.png>
Package pdftex.def Info: images/recommendation_system.png  used on input line 3
43. on input line 343.
Package pdftex.def Info: Requested size: 245.83282pt x 153.22954pt on input lin
e 343.
File: images/logo_destair.png Graphic file (type png)
<use images/logo_destair.png>
Package pdftex.def Info: images/logo_destair.png  used on input line 343. on in
put line 343.
Package pdftex.def Info: Requested size: 43.96681pt x 14.76802pt on input line 
343.
File: images/logo_group.png Graphic file (type png)
<use images/logo_group.png>
Package pdftex.def Info: images/logo_group.png  used on input line 343. on inpu
t line 343.
Package pdftex.def Info: Requested size: 49.38362pt x 17.66568pt on input line 
343.

Overfull \hbox (96.60962pt too wide) has occurred while \output is active
[][]$  $[] 
 []

File: images/logo_uni.jpg Graphic file (type jpg)
<use images/logo_uni.jpg>
Package pdftex.def Info: images/logo_uni.jpg  used on input line 343. on input 
line 343.
Package pdftex.def Info: Requested size: 24.99957pt x 24.99957pt on input line 
343.

Overfull \hbox (23.99957pt too wide) has occurred while \output is active
[][] 
 []

[14

 <./images/recommendation_system.png>]
File: images/logo_destair.png Graphic file (type png)
<use images/logo_destair.png>
Package pdftex.def Info: images/logo_destair.png  used on input line 357. on in
put line 357.
Package pdftex.def Info: Requested size: 43.96681pt x 14.76802pt on input line 
357.
File: images/logo_group.png Graphic file (type png)
<use images/logo_group.png>
Package pdftex.def Info: images/logo_group.png  used on input line 357. on inpu
t line 357.
Package pdftex.def Info: Requested size: 49.38362pt x 17.66568pt on input line 
357.

Overfull \hbox (96.60962pt too wide) has occurred while \output is active
[][]$  $[] 
 []

File: images/logo_uni.jpg Graphic file (type jpg)
<use images/logo_uni.jpg>
Package pdftex.def Info: images/logo_uni.jpg  used on input line 357. on input 
line 357.
Package pdftex.def Info: Requested size: 24.99957pt x 24.99957pt on input line 
357.

Overfull \hbox (23.99957pt too wide) has occurred while \output is active
[][] 
 []

[15

]
<images/screenshot_biotools_edam.png, id=423, 1927.2pt x 1084.05pt>
File: images/screenshot_biotools_edam.png Graphic file (type png)
<use images/screenshot_biotools_edam.png>
Package pdftex.def Info: images/screenshot_biotools_edam.png  used on input lin
e 366. on input line 366.
Package pdftex.def Info: Requested size: 276.559pt x 155.55391pt on input line 
366.
File: images/logo_destair.png Graphic file (type png)
<use images/logo_destair.png>
Package pdftex.def Info: images/logo_destair.png  used on input line 366. on in
put line 366.
Package pdftex.def Info: Requested size: 43.96681pt x 14.76802pt on input line 
366.
File: images/logo_group.png Graphic file (type png)
<use images/logo_group.png>
Package pdftex.def Info: images/logo_group.png  used on input line 366. on inpu
t line 366.
Package pdftex.def Info: Requested size: 49.38362pt x 17.66568pt on input line 
366.

Overfull \hbox (96.60962pt too wide) has occurred while \output is active
[][]$  $[] 
 []

File: images/logo_uni.jpg Graphic file (type jpg)
<use images/logo_uni.jpg>
Package pdftex.def Info: images/logo_uni.jpg  used on input line 366. on input 
line 366.
Package pdftex.def Info: Requested size: 24.99957pt x 24.99957pt on input line 
366.

Overfull \hbox (23.99957pt too wide) has occurred while \output is active
[][] 
 []

[16

 <./images/screenshot_biotools_edam.png (PNG copy)>]
File: images/recommendation_system.png Graphic file (type png)
<use images/recommendation_system.png>
Package pdftex.def Info: images/recommendation_system.png  used on input line 3
76. on input line 376.
Package pdftex.def Info: Requested size: 245.83282pt x 153.22954pt on input lin
e 376.
File: images/logo_destair.png Graphic file (type png)
<use images/logo_destair.png>
Package pdftex.def Info: images/logo_destair.png  used on input line 376. on in
put line 376.
Package pdftex.def Info: Requested size: 43.96681pt x 14.76802pt on input line 
376.
File: images/logo_group.png Graphic file (type png)
<use images/logo_group.png>
Package pdftex.def Info: images/logo_group.png  used on input line 376. on inpu
t line 376.
Package pdftex.def Info: Requested size: 49.38362pt x 17.66568pt on input line 
376.

Overfull \hbox (96.60962pt too wide) has occurred while \output is active
[][]$  $[] 
 []

File: images/logo_uni.jpg Graphic file (type jpg)
<use images/logo_uni.jpg>
Package pdftex.def Info: images/logo_uni.jpg  used on input line 376. on input 
line 376.
Package pdftex.def Info: Requested size: 24.99957pt x 24.99957pt on input line 
376.

Overfull \hbox (23.99957pt too wide) has occurred while \output is active
[][] 
 []

[17

]
<images/sbi_olaf.jpg, id=475, 461.725pt x 235.88126pt>
File: images/sbi_olaf.jpg Graphic file (type jpg)
<use images/sbi_olaf.jpg>
Package pdftex.def Info: images/sbi_olaf.jpg  used on input line 417. on input 
line 417.
Package pdftex.def Info: Requested size: 107.55098pt x 54.9426pt on input line 
417.
<images/sbi_markus.jpg, id=476, 110.814pt x 56.6115pt>
File: images/sbi_markus.jpg Graphic file (type jpg)
<use images/sbi_markus.jpg>
Package pdftex.def Info: images/sbi_markus.jpg  used on input line 417. on inpu
t line 417.
Package pdftex.def Info: Requested size: 107.55098pt x 54.94502pt on input line
 417.
<images/logo_bmbf.png, id=477, 2007.5pt x 1035.87pt>
File: images/logo_bmbf.png Graphic file (type png)
<use images/logo_bmbf.png>
Package pdftex.def Info: images/logo_bmbf.png  used on input line 417. on input
 line 417.
Package pdftex.def Info: Requested size: 107.55098pt x 55.49515pt on input line
 417.
<images/logo_denbi.png, id=478, 2017.5375pt x 530.98375pt>
File: images/logo_denbi.png Graphic file (type png)
<use images/logo_denbi.png>
Package pdftex.def Info: images/logo_denbi.png  used on input line 417. on inpu
t line 417.
Package pdftex.def Info: Requested size: 107.55098pt x 28.3008pt on input line 
417.
File: images/logo_destair.png Graphic file (type png)
<use images/logo_destair.png>
Package pdftex.def Info: images/logo_destair.png  used on input line 417. on in
put line 417.
Package pdftex.def Info: Requested size: 107.55098pt x 36.12466pt on input line
 417.
File: images/logo_destair.png Graphic file (type png)
<use images/logo_destair.png>
Package pdftex.def Info: images/logo_destair.png  used on input line 417. on in
put line 417.
Package pdftex.def Info: Requested size: 43.96681pt x 14.76802pt on input line 
417.
File: images/logo_group.png Graphic file (type png)
<use images/logo_group.png>
Package pdftex.def Info: images/logo_group.png  used on input line 417. on inpu
t line 417.
Package pdftex.def Info: Requested size: 49.38362pt x 17.66568pt on input line 
417.

Overfull \hbox (96.60962pt too wide) has occurred while \output is active
[][]$  $[] 
 []

File: images/logo_uni.jpg Graphic file (type jpg)
<use images/logo_uni.jpg>
Package pdftex.def Info: images/logo_uni.jpg  used on input line 417. on input 
line 417.
Package pdftex.def Info: Requested size: 24.99957pt x 24.99957pt on input line 
417.

Overfull \hbox (23.99957pt too wide) has occurred while \output is active
[][] 
 []

[18

 <./images/sbi_olaf.jpg> <./images/sbi_markus.jpg> <./images/logo_bmbf.png> <./
images/logo_denbi.png>]
\tf@nav=\write7
\openout7 = `slides.nav'.

\tf@toc=\write8
\openout8 = `slides.toc'.

\tf@snm=\write9
\openout9 = `slides.snm'.

Package atveryend Info: Empty hook `BeforeClearDocument' on input line 419.
Package atveryend Info: Executing hook `AfterLastShipout' on input line 419.
 (./slides.xwm)

LaTeX Warning: Label(s) may have changed. Rerun to get cross-references right.

(./slides.aux)
Package atveryend Info: Executing hook `AtVeryEndDocument' on input line 419.
Package atveryend Info: Executing hook `AtEndAfterFileList' on input line 419.


Package rerunfilecheck Warning: File `slides.out' has changed.
(rerunfilecheck)                Rerun to get outlines right
(rerunfilecheck)                or use package `bookmark'.

Package rerunfilecheck Info: Checksums for `slides.out':
(rerunfilecheck)             Before: <no file>
(rerunfilecheck)             After:  D41D8CD98F00B204E9800998ECF8427E;0.

LaTeX Font Warning: Some font shapes were not available, defaults substituted.


LaTeX Warning: Label(s) may have changed. Rerun to get cross-references right.

 ) 
Here is how much of TeX's memory you used:
 26175 strings out of 494855
 505817 string characters out of 6179188
 648429 words of memory out of 5000000
 28915 multiletter control sequences out of 15000+600000
 13204 words of font info for 49 fonts, out of 8000000 for 9000
 59 hyphenation exceptions out of 8191
 53i,16n,58p,773b,1313s stack positions out of 5000i,500n,10000p,200000b,80000s
</usr/share/texlive/texmf-dist/fonts/type1/public/amsfonts/cm/cmmi6.pfb></usr
/share/texlive/texmf-dist/fonts/type1/public/amsfonts/cm/cmss10.pfb></usr/share
/texlive/texmf-dist/fonts/type1/public/amsfonts/cm/cmss12.pfb></usr/share/texli
ve/texmf-dist/fonts/type1/public/amsfonts/cm/cmss8.pfb></usr/share/texlive/texm
f-dist/fonts/type1/public/amsfonts/cm/cmss9.pfb></usr/share/texlive/texmf-dist/
fonts/type1/public/amsfonts/cm/cmssi10.pfb></usr/share/texlive/texmf-dist/fonts
/type1/public/amsfonts/cm/cmsy10.pfb></usr/share/texlive/texmf-dist/fonts/type1
/public/amsfonts/cm/cmtt8.pfb></usr/share/texlive/texmf-dist/fonts/type1/urw/za
pfding/uzdr.pfb>
Output written on slides.pdf (18 pages, 2714702 bytes).
PDF statistics:
 547 PDF objects out of 1000 (max. 8388607)
 484 compressed objects within 5 object streams
 37 named destinations out of 1000 (max. 500000)
 122 words of extra memory for PDF output out of 10000 (max. 10000000)

